TN:
SF:fizzbuzz.js
FN:1,fizzbuzz
FN:25,print
FNF:2
FNH:1
FNDA:4,fizzbuzz
FNDA:0,print
DA:1,1
DA:2,4
DA:3,4
DA:4,4
DA:5,4
DA:6,4
DA:7,4
DA:8,4
DA:9,4
DA:10,1
DA:11,1
DA:12,3
DA:13,4
DA:14,1
DA:15,1
DA:16,2
DA:17,4
DA:18,1
DA:19,1
DA:20,1
DA:21,1
DA:22,1
DA:23,1
DA:24,1
DA:25,0
DA:26,0
DA:27,0
DA:28,0
DA:29,0
DA:30,0
DA:31,0
DA:32,1
DA:33,1
DA:34,1
DA:35,1
LF:35
LH:28
BRDA:1,0,0,4
BRDA:7,1,0,0
BRDA:9,2,0,2
BRDA:9,3,0,1
BRDA:12,4,0,3
BRDA:13,5,0,1
BRDA:16,6,0,2
BRDA:17,7,0,1
BRF:8
BRH:7
end_of_record
